15-Apr-2024 10:00:09.909 INFO [main] org.apache.catalina.startup.VersionLoggerListener.log Server version name:   Apache Tomcat/10.1.18
15-Apr-2024 10:00:09.912 INFO [main] org.apache.catalina.startup.VersionLoggerListener.log Server built:          Jan 5 2024 14:39:40 UTC
15-Apr-2024 10:00:09.913 INFO [main] org.apache.catalina.startup.VersionLoggerListener.log Server version number: 10.1.18.0
15-Apr-2024 10:00:09.913 INFO [main] org.apache.catalina.startup.VersionLoggerListener.log OS Name:               Windows 11
15-Apr-2024 10:00:09.913 INFO [main] org.apache.catalina.startup.VersionLoggerListener.log OS Version:            10.0
15-Apr-2024 10:00:09.913 INFO [main] org.apache.catalina.startup.VersionLoggerListener.log Architecture:          amd64
15-Apr-2024 10:00:09.913 INFO [main] org.apache.catalina.startup.VersionLoggerListener.log Java Home:             C:\Users\ASUS\.jdks\openjdk-21.0.2
15-Apr-2024 10:00:09.913 INFO [main] org.apache.catalina.startup.VersionLoggerListener.log JVM Version:           21.0.2+13-58
15-Apr-2024 10:00:09.913 INFO [main] org.apache.catalina.startup.VersionLoggerListener.log JVM Vendor:            Oracle Corporation
15-Apr-2024 10:00:09.913 INFO [main] org.apache.catalina.startup.VersionLoggerListener.log CATALINA_BASE:         D:\EWE\Projects\ims\ims
15-Apr-2024 10:00:09.913 INFO [main] org.apache.catalina.startup.VersionLoggerListener.log CATALINA_HOME:         C:\Users\ASUS\Downloads\apache-tomcat-10.1.18-windows-x64\apache-tomcat-10.1.18
15-Apr-2024 10:00:09.922 INFO [main] org.apache.catalina.startup.VersionLoggerListener.log Command line argument: --add-opens=java.base/java.lang=ALL-UNNAMED
15-Apr-2024 10:00:09.922 INFO [main] org.apache.catalina.startup.VersionLoggerListener.log Command line argument: --add-opens=java.base/java.io=ALL-UNNAMED
15-Apr-2024 10:00:09.922 INFO [main] org.apache.catalina.startup.VersionLoggerListener.log Command line argument: --add-opens=java.base/java.util=ALL-UNNAMED
15-Apr-2024 10:00:09.922 INFO [main] org.apache.catalina.startup.VersionLoggerListener.log Command line argument: --add-opens=java.base/java.util.concurrent=ALL-UNNAMED
15-Apr-2024 10:00:09.922 INFO [main] org.apache.catalina.startup.VersionLoggerListener.log Command line argument: --add-opens=java.rmi/sun.rmi.transport=ALL-UNNAMED
15-Apr-2024 10:00:09.923 INFO [main] org.apache.catalina.startup.VersionLoggerListener.log Command line argument: -Dcatalina.home=C:\Users\ASUS\Downloads\apache-tomcat-10.1.18-windows-x64\apache-tomcat-10.1.18
15-Apr-2024 10:00:09.923 INFO [main] org.apache.catalina.startup.VersionLoggerListener.log Command line argument: -Dcatalina.base=D:\EWE\Projects\ims\ims
15-Apr-2024 10:00:09.923 INFO [main] org.apache.catalina.startup.VersionLoggerListener.log Command line argument: -Djava.io.tmpdir=D:\EWE\Projects\ims\ims\temp
15-Apr-2024 10:00:09.923 INFO [main] org.apache.catalina.startup.VersionLoggerListener.log Command line argument: -Djava.util.logging.config.file=D:\EWE\Projects\ims\ims\conf\logging.properties
15-Apr-2024 10:00:09.923 INFO [main] org.apache.catalina.startup.VersionLoggerListener.log Command line argument: -Djava.util.logging.manager=org.apache.juli.ClassLoaderLogManager
15-Apr-2024 10:00:09.923 INFO [main] org.apache.catalina.startup.VersionLoggerListener.log Command line argument: -javaagent:C:\Program Files\JetBrains\IntelliJ IDEA Community Edition 2023.3.2\lib\idea_rt.jar=51060:C:\Program Files\JetBrains\IntelliJ IDEA Community Edition 2023.3.2\bin
15-Apr-2024 10:00:09.923 INFO [main] org.apache.catalina.startup.VersionLoggerListener.log Command line argument: -Dfile.encoding=UTF-8
15-Apr-2024 10:00:09.923 INFO [main] org.apache.catalina.startup.VersionLoggerListener.log Command line argument: -Dsun.stdout.encoding=UTF-8
15-Apr-2024 10:00:09.923 INFO [main] org.apache.catalina.startup.VersionLoggerListener.log Command line argument: -Dsun.stderr.encoding=UTF-8
15-Apr-2024 10:00:09.976 INFO [main] org.apache.catalina.core.AprLifecycleListener.lifecycleEvent Loaded Apache Tomcat Native library [2.0.6] using APR version [1.7.4].
15-Apr-2024 10:00:09.981 INFO [main] org.apache.catalina.core.AprLifecycleListener.initializeSSL OpenSSL successfully initialized [OpenSSL 3.0.11 19 Sep 2023]
15-Apr-2024 10:00:10.258 INFO [main] org.apache.coyote.AbstractProtocol.init Initializing ProtocolHandler ["http-nio-8080"]
15-Apr-2024 10:00:10.271 INFO [main] org.apache.catalina.startup.Catalina.load Server initialization in [570] milliseconds
15-Apr-2024 10:00:10.310 INFO [main] org.apache.catalina.core.StandardService.startInternal Starting service [Catalina]
15-Apr-2024 10:00:10.310 INFO [main] org.apache.catalina.core.StandardEngine.startInternal Starting Servlet engine: [Apache Tomcat/10.1.18]
15-Apr-2024 10:00:10.317 INFO [main] org.apache.catalina.startup.HostConfig.deployDescriptor Deploying deployment descriptor [D:\EWE\Projects\ims\ims\conf\Catalina\localhost\ROOT.xml]
15-Apr-2024 10:00:15.063 INFO [main] org.apache.jasper.servlet.TldScanner.scanJars At least one JAR was scanned for TLDs yet contained no TLDs. Enable debug logging for this logger for a complete list of JARs that were scanned but no TLDs were found in them. Skipping unneeded JARs during scanning can improve startup time and JSP compilation time.
15-Apr-2024 10:00:23.124 INFO [main] org.apache.catalina.startup.HostConfig.deployDescriptor Deployment of deployment descriptor [D:\EWE\Projects\ims\ims\conf\Catalina\localhost\ROOT.xml] has finished in [12,807] ms
15-Apr-2024 10:00:23.127 INFO [main] org.apache.coyote.AbstractProtocol.start Starting ProtocolHandler ["http-nio-8080"]
15-Apr-2024 10:00:23.145 INFO [main] org.apache.catalina.startup.Catalina.start Server startup in [12872] milliseconds
15-Apr-2024 12:06:08.755 INFO [Thread-3] org.apache.coyote.AbstractProtocol.pause Pausing ProtocolHandler ["http-nio-8080"]
15-Apr-2024 12:06:08.787 INFO [Thread-3] org.apache.catalina.core.StandardService.stopInternal Stopping service [Catalina]
15-Apr-2024 12:06:10.513 WARNING [Thread-3] org.apache.catalina.loader.WebappClassLoaderBase.clearReferencesThreads The web application [ROOT] appears to have started a thread named [mysql-cj-abandoned-connection-cleanup] but has failed to stop it. This is very likely to create a memory leak. Stack trace of thread:
 java.base/jdk.internal.misc.Unsafe.park(Native Method)
 java.base/java.util.concurrent.locks.LockSupport.parkNanos(LockSupport.java:269)
 java.base/java.util.concurrent.locks.AbstractQueuedSynchronizer$ConditionObject.await(AbstractQueuedSynchronizer.java:1847)
 java.base/java.lang.ref.ReferenceQueue.await(ReferenceQueue.java:71)
 java.base/java.lang.ref.ReferenceQueue.remove0(ReferenceQueue.java:143)
 java.base/java.lang.ref.ReferenceQueue.remove(ReferenceQueue.java:218)
 com.mysql.cj.jdbc.AbandonedConnectionCleanupThread.run(AbandonedConnectionCleanupThread.java:91)
 java.base/java.util.concurrent.ThreadPoolExecutor.runWorker(ThreadPoolExecutor.java:1144)
 java.base/java.util.concurrent.ThreadPoolExecutor$Worker.run(ThreadPoolExecutor.java:642)
 java.base/java.lang.Thread.run(Thread.java:1583)
15-Apr-2024 12:06:10.513 SEVERE [Thread-3] org.apache.catalina.loader.WebappClassLoaderBase.checkThreadLocalMapForLeaks The web application [ROOT] created a ThreadLocal with key of type [org.springframework.boot.SpringBootExceptionHandler.LoggedExceptionHandlerThreadLocal] (value [org.springframework.boot.SpringBootExceptionHandler$LoggedExceptionHandlerThreadLocal@20e40fa4]) and a value of type [org.springframework.boot.SpringBootExceptionHandler] (value [org.springframework.boot.SpringBootExceptionHandler@5d05fa45]) but failed to remove it when the web application was stopped. Threads are going to be renewed over time to try and avoid a probable memory leak.
15-Apr-2024 12:06:10.576 INFO [Thread-3] org.apache.coyote.AbstractProtocol.stop Stopping ProtocolHandler ["http-nio-8080"]
15-Apr-2024 12:06:10.592 INFO [Thread-3] org.apache.coyote.AbstractProtocol.destroy Destroying ProtocolHandler ["http-nio-8080"]
15-Apr-2024 12:18:03.125 INFO [main] org.apache.catalina.startup.VersionLoggerListener.log Server version name:   Apache Tomcat/10.1.18
15-Apr-2024 12:18:03.129 INFO [main] org.apache.catalina.startup.VersionLoggerListener.log Server built:          Jan 5 2024 14:39:40 UTC
15-Apr-2024 12:18:03.129 INFO [main] org.apache.catalina.startup.VersionLoggerListener.log Server version number: 10.1.18.0
15-Apr-2024 12:18:03.129 INFO [main] org.apache.catalina.startup.VersionLoggerListener.log OS Name:               Windows 11
15-Apr-2024 12:18:03.129 INFO [main] org.apache.catalina.startup.VersionLoggerListener.log OS Version:            10.0
15-Apr-2024 12:18:03.129 INFO [main] org.apache.catalina.startup.VersionLoggerListener.log Architecture:          amd64
15-Apr-2024 12:18:03.129 INFO [main] org.apache.catalina.startup.VersionLoggerListener.log Java Home:             C:\Users\ASUS\.jdks\openjdk-21.0.2
15-Apr-2024 12:18:03.129 INFO [main] org.apache.catalina.startup.VersionLoggerListener.log JVM Version:           21.0.2+13-58
15-Apr-2024 12:18:03.129 INFO [main] org.apache.catalina.startup.VersionLoggerListener.log JVM Vendor:            Oracle Corporation
15-Apr-2024 12:18:03.129 INFO [main] org.apache.catalina.startup.VersionLoggerListener.log CATALINA_BASE:         D:\EWE\Projects\ims\ims
15-Apr-2024 12:18:03.129 INFO [main] org.apache.catalina.startup.VersionLoggerListener.log CATALINA_HOME:         C:\Users\ASUS\Downloads\apache-tomcat-10.1.18-windows-x64\apache-tomcat-10.1.18
15-Apr-2024 12:18:03.140 INFO [main] org.apache.catalina.startup.VersionLoggerListener.log Command line argument: --add-opens=java.base/java.lang=ALL-UNNAMED
15-Apr-2024 12:18:03.140 INFO [main] org.apache.catalina.startup.VersionLoggerListener.log Command line argument: --add-opens=java.base/java.io=ALL-UNNAMED
15-Apr-2024 12:18:03.140 INFO [main] org.apache.catalina.startup.VersionLoggerListener.log Command line argument: --add-opens=java.base/java.util=ALL-UNNAMED
15-Apr-2024 12:18:03.140 INFO [main] org.apache.catalina.startup.VersionLoggerListener.log Command line argument: --add-opens=java.base/java.util.concurrent=ALL-UNNAMED
15-Apr-2024 12:18:03.140 INFO [main] org.apache.catalina.startup.VersionLoggerListener.log Command line argument: --add-opens=java.rmi/sun.rmi.transport=ALL-UNNAMED
15-Apr-2024 12:18:03.140 INFO [main] org.apache.catalina.startup.VersionLoggerListener.log Command line argument: -Dcatalina.home=C:\Users\ASUS\Downloads\apache-tomcat-10.1.18-windows-x64\apache-tomcat-10.1.18
15-Apr-2024 12:18:03.140 INFO [main] org.apache.catalina.startup.VersionLoggerListener.log Command line argument: -Dcatalina.base=D:\EWE\Projects\ims\ims
15-Apr-2024 12:18:03.140 INFO [main] org.apache.catalina.startup.VersionLoggerListener.log Command line argument: -Djava.io.tmpdir=D:\EWE\Projects\ims\ims\temp
15-Apr-2024 12:18:03.140 INFO [main] org.apache.catalina.startup.VersionLoggerListener.log Command line argument: -Djava.util.logging.config.file=D:\EWE\Projects\ims\ims\conf\logging.properties
15-Apr-2024 12:18:03.140 INFO [main] org.apache.catalina.startup.VersionLoggerListener.log Command line argument: -Djava.util.logging.manager=org.apache.juli.ClassLoaderLogManager
15-Apr-2024 12:18:03.140 INFO [main] org.apache.catalina.startup.VersionLoggerListener.log Command line argument: -javaagent:C:\Program Files\JetBrains\IntelliJ IDEA Community Edition 2023.3.2\lib\idea_rt.jar=64375:C:\Program Files\JetBrains\IntelliJ IDEA Community Edition 2023.3.2\bin
15-Apr-2024 12:18:03.141 INFO [main] org.apache.catalina.startup.VersionLoggerListener.log Command line argument: -Dfile.encoding=UTF-8
15-Apr-2024 12:18:03.141 INFO [main] org.apache.catalina.startup.VersionLoggerListener.log Command line argument: -Dsun.stdout.encoding=UTF-8
15-Apr-2024 12:18:03.141 INFO [main] org.apache.catalina.startup.VersionLoggerListener.log Command line argument: -Dsun.stderr.encoding=UTF-8
15-Apr-2024 12:18:03.192 INFO [main] org.apache.catalina.core.AprLifecycleListener.lifecycleEvent Loaded Apache Tomcat Native library [2.0.6] using APR version [1.7.4].
15-Apr-2024 12:18:03.197 INFO [main] org.apache.catalina.core.AprLifecycleListener.initializeSSL OpenSSL successfully initialized [OpenSSL 3.0.11 19 Sep 2023]
15-Apr-2024 12:18:03.470 INFO [main] org.apache.coyote.AbstractProtocol.init Initializing ProtocolHandler ["http-nio-8080"]
15-Apr-2024 12:18:03.490 INFO [main] org.apache.catalina.startup.Catalina.load Server initialization in [628] milliseconds
15-Apr-2024 12:18:03.540 INFO [main] org.apache.catalina.core.StandardService.startInternal Starting service [Catalina]
15-Apr-2024 12:18:03.540 INFO [main] org.apache.catalina.core.StandardEngine.startInternal Starting Servlet engine: [Apache Tomcat/10.1.18]
15-Apr-2024 12:18:03.549 INFO [main] org.apache.catalina.startup.HostConfig.deployDescriptor Deploying deployment descriptor [D:\EWE\Projects\ims\ims\conf\Catalina\localhost\ROOT.xml]
15-Apr-2024 12:18:06.711 INFO [main] org.apache.jasper.servlet.TldScanner.scanJars At least one JAR was scanned for TLDs yet contained no TLDs. Enable debug logging for this logger for a complete list of JARs that were scanned but no TLDs were found in them. Skipping unneeded JARs during scanning can improve startup time and JSP compilation time.
15-Apr-2024 12:18:15.970 INFO [main] org.apache.catalina.startup.HostConfig.deployDescriptor Deployment of deployment descriptor [D:\EWE\Projects\ims\ims\conf\Catalina\localhost\ROOT.xml] has finished in [12,419] ms
15-Apr-2024 12:18:15.976 INFO [main] org.apache.coyote.AbstractProtocol.start Starting ProtocolHandler ["http-nio-8080"]
15-Apr-2024 12:18:16.007 INFO [main] org.apache.catalina.startup.Catalina.start Server startup in [12515] milliseconds
15-Apr-2024 14:14:49.840 INFO [Thread-3] org.apache.coyote.AbstractProtocol.pause Pausing ProtocolHandler ["http-nio-8080"]
15-Apr-2024 14:14:49.849 INFO [Thread-3] org.apache.catalina.core.StandardService.stopInternal Stopping service [Catalina]
15-Apr-2024 14:14:50.252 WARNING [Thread-3] org.apache.catalina.loader.WebappClassLoaderBase.clearReferencesThreads The web application [ROOT] appears to have started a thread named [mysql-cj-abandoned-connection-cleanup] but has failed to stop it. This is very likely to create a memory leak. Stack trace of thread:
 java.base/jdk.internal.misc.Unsafe.park(Native Method)
 java.base/java.util.concurrent.locks.LockSupport.parkNanos(LockSupport.java:269)
 java.base/java.util.concurrent.locks.AbstractQueuedSynchronizer$ConditionObject.await(AbstractQueuedSynchronizer.java:1847)
 java.base/java.lang.ref.ReferenceQueue.await(ReferenceQueue.java:71)
 java.base/java.lang.ref.ReferenceQueue.remove0(ReferenceQueue.java:143)
 java.base/java.lang.ref.ReferenceQueue.remove(ReferenceQueue.java:218)
 com.mysql.cj.jdbc.AbandonedConnectionCleanupThread.run(AbandonedConnectionCleanupThread.java:91)
 java.base/java.util.concurrent.ThreadPoolExecutor.runWorker(ThreadPoolExecutor.java:1144)
 java.base/java.util.concurrent.ThreadPoolExecutor$Worker.run(ThreadPoolExecutor.java:642)
 java.base/java.lang.Thread.run(Thread.java:1583)
15-Apr-2024 14:14:50.269 SEVERE [Thread-3] org.apache.catalina.loader.WebappClassLoaderBase.checkThreadLocalMapForLeaks The web application [ROOT] created a ThreadLocal with key of type [org.springframework.boot.SpringBootExceptionHandler.LoggedExceptionHandlerThreadLocal] (value [org.springframework.boot.SpringBootExceptionHandler$LoggedExceptionHandlerThreadLocal@6385d3f7]) and a value of type [org.springframework.boot.SpringBootExceptionHandler] (value [org.springframework.boot.SpringBootExceptionHandler@40724b84]) but failed to remove it when the web application was stopped. Threads are going to be renewed over time to try and avoid a probable memory leak.
15-Apr-2024 14:14:50.284 INFO [Thread-3] org.apache.coyote.AbstractProtocol.stop Stopping ProtocolHandler ["http-nio-8080"]
15-Apr-2024 14:14:50.300 INFO [Thread-3] org.apache.coyote.AbstractProtocol.destroy Destroying ProtocolHandler ["http-nio-8080"]
15-Apr-2024 15:35:07.080 INFO [main] org.apache.catalina.startup.VersionLoggerListener.log Server version name:   Apache Tomcat/10.1.18
15-Apr-2024 15:35:07.080 INFO [main] org.apache.catalina.startup.VersionLoggerListener.log Server built:          Jan 5 2024 14:39:40 UTC
15-Apr-2024 15:35:07.080 INFO [main] org.apache.catalina.startup.VersionLoggerListener.log Server version number: 10.1.18.0
15-Apr-2024 15:35:07.080 INFO [main] org.apache.catalina.startup.VersionLoggerListener.log OS Name:               Windows 11
15-Apr-2024 15:35:07.080 INFO [main] org.apache.catalina.startup.VersionLoggerListener.log OS Version:            10.0
15-Apr-2024 15:35:07.080 INFO [main] org.apache.catalina.startup.VersionLoggerListener.log Architecture:          amd64
15-Apr-2024 15:35:07.080 INFO [main] org.apache.catalina.startup.VersionLoggerListener.log Java Home:             C:\Users\ASUS\.jdks\openjdk-21.0.2
15-Apr-2024 15:35:07.080 INFO [main] org.apache.catalina.startup.VersionLoggerListener.log JVM Version:           21.0.2+13-58
15-Apr-2024 15:35:07.080 INFO [main] org.apache.catalina.startup.VersionLoggerListener.log JVM Vendor:            Oracle Corporation
15-Apr-2024 15:35:07.080 INFO [main] org.apache.catalina.startup.VersionLoggerListener.log CATALINA_BASE:         D:\EWE\Projects\ims\ims
15-Apr-2024 15:35:07.080 INFO [main] org.apache.catalina.startup.VersionLoggerListener.log CATALINA_HOME:         C:\Users\ASUS\Downloads\apache-tomcat-10.1.18-windows-x64\apache-tomcat-10.1.18
15-Apr-2024 15:35:07.096 INFO [main] org.apache.catalina.startup.VersionLoggerListener.log Command line argument: --add-opens=java.base/java.lang=ALL-UNNAMED
15-Apr-2024 15:35:07.096 INFO [main] org.apache.catalina.startup.VersionLoggerListener.log Command line argument: --add-opens=java.base/java.io=ALL-UNNAMED
15-Apr-2024 15:35:07.096 INFO [main] org.apache.catalina.startup.VersionLoggerListener.log Command line argument: --add-opens=java.base/java.util=ALL-UNNAMED
15-Apr-2024 15:35:07.096 INFO [main] org.apache.catalina.startup.VersionLoggerListener.log Command line argument: --add-opens=java.base/java.util.concurrent=ALL-UNNAMED
15-Apr-2024 15:35:07.096 INFO [main] org.apache.catalina.startup.VersionLoggerListener.log Command line argument: --add-opens=java.rmi/sun.rmi.transport=ALL-UNNAMED
15-Apr-2024 15:35:07.096 INFO [main] org.apache.catalina.startup.VersionLoggerListener.log Command line argument: -Dcatalina.home=C:\Users\ASUS\Downloads\apache-tomcat-10.1.18-windows-x64\apache-tomcat-10.1.18
15-Apr-2024 15:35:07.096 INFO [main] org.apache.catalina.startup.VersionLoggerListener.log Command line argument: -Dcatalina.base=D:\EWE\Projects\ims\ims
15-Apr-2024 15:35:07.096 INFO [main] org.apache.catalina.startup.VersionLoggerListener.log Command line argument: -Djava.io.tmpdir=D:\EWE\Projects\ims\ims\temp
15-Apr-2024 15:35:07.096 INFO [main] org.apache.catalina.startup.VersionLoggerListener.log Command line argument: -Djava.util.logging.config.file=D:\EWE\Projects\ims\ims\conf\logging.properties
15-Apr-2024 15:35:07.096 INFO [main] org.apache.catalina.startup.VersionLoggerListener.log Command line argument: -Djava.util.logging.manager=org.apache.juli.ClassLoaderLogManager
15-Apr-2024 15:35:07.096 INFO [main] org.apache.catalina.startup.VersionLoggerListener.log Command line argument: -javaagent:C:\Program Files\JetBrains\IntelliJ IDEA Community Edition 2023.3.2\lib\idea_rt.jar=56040:C:\Program Files\JetBrains\IntelliJ IDEA Community Edition 2023.3.2\bin
15-Apr-2024 15:35:07.096 INFO [main] org.apache.catalina.startup.VersionLoggerListener.log Command line argument: -Dfile.encoding=UTF-8
15-Apr-2024 15:35:07.096 INFO [main] org.apache.catalina.startup.VersionLoggerListener.log Command line argument: -Dsun.stdout.encoding=UTF-8
15-Apr-2024 15:35:07.096 INFO [main] org.apache.catalina.startup.VersionLoggerListener.log Command line argument: -Dsun.stderr.encoding=UTF-8
15-Apr-2024 15:35:07.096 INFO [main] org.apache.catalina.core.AprLifecycleListener.lifecycleEvent Loaded Apache Tomcat Native library [2.0.6] using APR version [1.7.4].
15-Apr-2024 15:35:07.111 INFO [main] org.apache.catalina.core.AprLifecycleListener.initializeSSL OpenSSL successfully initialized [OpenSSL 3.0.11 19 Sep 2023]
15-Apr-2024 15:35:07.510 INFO [main] org.apache.coyote.AbstractProtocol.init Initializing ProtocolHandler ["http-nio-8080"]
15-Apr-2024 15:35:07.526 INFO [main] org.apache.catalina.startup.Catalina.load Server initialization in [682] milliseconds
15-Apr-2024 15:35:07.629 INFO [main] org.apache.catalina.core.StandardService.startInternal Starting service [Catalina]
15-Apr-2024 15:35:07.629 INFO [main] org.apache.catalina.core.StandardEngine.startInternal Starting Servlet engine: [Apache Tomcat/10.1.18]
15-Apr-2024 15:35:07.646 INFO [main] org.apache.catalina.startup.HostConfig.deployDescriptor Deploying deployment descriptor [D:\EWE\Projects\ims\ims\conf\Catalina\localhost\ROOT.xml]
15-Apr-2024 15:35:10.507 INFO [main] org.apache.jasper.servlet.TldScanner.scanJars At least one JAR was scanned for TLDs yet contained no TLDs. Enable debug logging for this logger for a complete list of JARs that were scanned but no TLDs were found in them. Skipping unneeded JARs during scanning can improve startup time and JSP compilation time.
15-Apr-2024 15:35:18.903 INFO [main] org.apache.catalina.startup.HostConfig.deployDescriptor Deployment of deployment descriptor [D:\EWE\Projects\ims\ims\conf\Catalina\localhost\ROOT.xml] has finished in [11,257] ms
15-Apr-2024 15:35:18.909 INFO [main] org.apache.coyote.AbstractProtocol.start Starting ProtocolHandler ["http-nio-8080"]
15-Apr-2024 15:35:18.925 INFO [main] org.apache.catalina.startup.Catalina.start Server startup in [11393] milliseconds
15-Apr-2024 16:44:42.073 INFO [Thread-3] org.apache.coyote.AbstractProtocol.pause Pausing ProtocolHandler ["http-nio-8080"]
15-Apr-2024 16:44:42.152 INFO [Thread-3] org.apache.catalina.core.StandardService.stopInternal Stopping service [Catalina]
15-Apr-2024 16:44:43.087 WARNING [Thread-3] org.apache.catalina.loader.WebappClassLoaderBase.clearReferencesThreads The web application [ROOT] appears to have started a thread named [mysql-cj-abandoned-connection-cleanup] but has failed to stop it. This is very likely to create a memory leak. Stack trace of thread:
 java.base/jdk.internal.misc.Unsafe.park(Native Method)
 java.base/java.util.concurrent.locks.LockSupport.parkNanos(LockSupport.java:269)
 java.base/java.util.concurrent.locks.AbstractQueuedSynchronizer$ConditionObject.await(AbstractQueuedSynchronizer.java:1847)
 java.base/java.lang.ref.ReferenceQueue.await(ReferenceQueue.java:71)
 java.base/java.lang.ref.ReferenceQueue.remove0(ReferenceQueue.java:143)
 java.base/java.lang.ref.ReferenceQueue.remove(ReferenceQueue.java:218)
 com.mysql.cj.jdbc.AbandonedConnectionCleanupThread.run(AbandonedConnectionCleanupThread.java:91)
 java.base/java.util.concurrent.ThreadPoolExecutor.runWorker(ThreadPoolExecutor.java:1144)
 java.base/java.util.concurrent.ThreadPoolExecutor$Worker.run(ThreadPoolExecutor.java:642)
 java.base/java.lang.Thread.run(Thread.java:1583)
15-Apr-2024 16:44:43.106 SEVERE [Thread-3] org.apache.catalina.loader.WebappClassLoaderBase.checkThreadLocalMapForLeaks The web application [ROOT] created a ThreadLocal with key of type [org.springframework.boot.SpringBootExceptionHandler.LoggedExceptionHandlerThreadLocal] (value [org.springframework.boot.SpringBootExceptionHandler$LoggedExceptionHandlerThreadLocal@7c1c0a02]) and a value of type [org.springframework.boot.SpringBootExceptionHandler] (value [org.springframework.boot.SpringBootExceptionHandler@12f5e1b8]) but failed to remove it when the web application was stopped. Threads are going to be renewed over time to try and avoid a probable memory leak.
15-Apr-2024 16:44:43.394 INFO [Thread-3] org.apache.coyote.AbstractProtocol.stop Stopping ProtocolHandler ["http-nio-8080"]
15-Apr-2024 16:44:43.418 INFO [Thread-3] org.apache.coyote.AbstractProtocol.destroy Destroying ProtocolHandler ["http-nio-8080"]
